<?xml version="1.0" encoding="UTF-8"?><testrun name="FligthReservationRunner" project="ReviewDespegar" tests="1" started="1" failures="0" errors="1" ignored="0">
  <testsuite name="co.com.accenture.certificacion.reviewdespegar.runners.FligthReservationRunner" time="46.44">
    <testsuite name="Feature: Make a fligth reservation" time="46.44">
      <testcase name="Successfull flight reservation from main Despegar website" classname="Make a fligth reservation" time="46.44">
        <error>net.thucydides.core.webdriver.exceptions.ElementShouldBeEnabledException: Expected enabled element was not enabled&#13;
	at net.serenitybdd.core.pages.WebElementFacadeImpl.waitUntilEnabled(WebElementFacadeImpl.java:963)&#13;
	at net.serenitybdd.core.pages.WebElementFacadeImpl.waitUntilElementAvailable(WebElementFacadeImpl.java:802)&#13;
	at net.serenitybdd.core.pages.WebElementFacadeImpl.click(WebElementFacadeImpl.java:1039)&#13;
	at net.serenitybdd.screenplay.actions.ClickOnTarget.performAs(ClickOnTarget.java:13)&#13;
	at net.serenitybdd.screenplay.actions.ClickOnTarget$$EnhancerByCGLIB$$e3f2ec6d.CGLIB$performAs$0(&lt;generated&gt;)&#13;
	at net.serenitybdd.screenplay.actions.ClickOnTarget$$EnhancerByCGLIB$$e3f2ec6d$$FastClassByCGLIB$$eb009f51.invoke(&lt;generated&gt;)&#13;
	at net.sf.cglib.proxy.MethodProxy.invokeSuper(MethodProxy.java:228)&#13;
	at net.thucydides.core.steps.StepInterceptor.invokeMethod(StepInterceptor.java:449)&#13;
	at net.thucydides.core.steps.StepInterceptor.executeTestStepMethod(StepInterceptor.java:434)&#13;
	at net.thucydides.core.steps.StepInterceptor.runTestStep(StepInterceptor.java:409)&#13;
	at net.thucydides.core.steps.StepInterceptor.runOrSkipMethod(StepInterceptor.java:150)&#13;
	at net.thucydides.core.steps.StepInterceptor.testStepResult(StepInterceptor.java:137)&#13;
	at net.thucydides.core.steps.StepInterceptor.intercept(StepInterceptor.java:68)&#13;
	at net.serenitybdd.screenplay.actions.ClickOnTarget$$EnhancerByCGLIB$$e3f2ec6d.performAs(&lt;generated&gt;)&#13;
	at net.serenitybdd.screenplay.Actor.performTask(Actor.java:176)&#13;
	at net.serenitybdd.screenplay.Actor.perform(Actor.java:157)&#13;
	at net.serenitybdd.screenplay.Actor.attemptsTo(Actor.java:138)&#13;
	at co.com.accenture.certificacion.reviewdespegar.tasks.InsertData.performAs(InsertData.java:25)&#13;
	at co.com.accenture.certificacion.reviewdespegar.tasks.InsertData$$EnhancerByCGLIB$$5e66f2e6.CGLIB$performAs$0(&lt;generated&gt;)&#13;
	at co.com.accenture.certificacion.reviewdespegar.tasks.InsertData$$EnhancerByCGLIB$$5e66f2e6$$FastClassByCGLIB$$a02d5e0d.invoke(&lt;generated&gt;)&#13;
	at net.sf.cglib.proxy.MethodProxy.invokeSuper(MethodProxy.java:228)&#13;
	at net.thucydides.core.steps.BaseMethodRunner.invokeMethod(BaseMethodRunner.java:10)&#13;
	at net.thucydides.core.steps.NormalMethodRunner.invokeMethodAndNotifyFailures(NormalMethodRunner.java:20)&#13;
	at net.thucydides.core.steps.StepInterceptor.runNormalMethod(StepInterceptor.java:361)&#13;
	at net.thucydides.core.steps.StepInterceptor.testStepResult(StepInterceptor.java:132)&#13;
	at net.thucydides.core.steps.StepInterceptor.intercept(StepInterceptor.java:68)&#13;
	at co.com.accenture.certificacion.reviewdespegar.tasks.InsertData$$EnhancerByCGLIB$$5e66f2e6.performAs(&lt;generated&gt;)&#13;
	at net.serenitybdd.screenplay.Actor.performTask(Actor.java:176)&#13;
	at net.serenitybdd.screenplay.Actor.perform(Actor.java:157)&#13;
	at net.serenitybdd.screenplay.Actor.attemptsTo(Actor.java:138)&#13;
	at co.com.accenture.certificacion.reviewdespegar.stepdefinitions.FligthReservationStepDefinition.theActorInsertTheDataFromFlight(FligthReservationStepDefinition.java:44)&#13;
	at âœ½.the Actor insert the data from flight(src/test/resources/features/flight_reservation.feature:12)&#13;
Caused by: org.openqa.selenium.TimeoutException: Expected condition failed: waiting for By.xpath: //*[@class='ac-item-icon suggester-icon-xsm suggester-icon-city'] to be enabled (tried for 5 second(s) with 100 milliseconds interval)&#13;
	at org.openqa.selenium.support.ui.FluentWait.timeoutException(FluentWait.java:315)&#13;
	at org.openqa.selenium.support.ui.FluentWait.until(FluentWait.java:283)&#13;
	at net.serenitybdd.core.pages.WebElementFacadeImpl.waitUntilEnabled(WebElementFacadeImpl.java:960)&#13;
	at net.serenitybdd.core.pages.WebElementFacadeImpl.waitUntilElementAvailable(WebElementFacadeImpl.java:802)&#13;
	at net.serenitybdd.core.pages.WebElementFacadeImpl.click(WebElementFacadeImpl.java:1039)&#13;
	at net.serenitybdd.screenplay.actions.ClickOnTarget.performAs(ClickOnTarget.java:13)&#13;
	at net.serenitybdd.screenplay.actions.ClickOnTarget$$EnhancerByCGLIB$$e3f2ec6d.CGLIB$performAs$0(&lt;generated&gt;)&#13;
	at net.serenitybdd.screenplay.actions.ClickOnTarget$$EnhancerByCGLIB$$e3f2ec6d$$FastClassByCGLIB$$eb009f51.invoke(&lt;generated&gt;)&#13;
	at net.sf.cglib.proxy.MethodProxy.invokeSuper(MethodProxy.java:228)&#13;
	at net.thucydides.core.steps.StepInterceptor.invokeMethod(StepInterceptor.java:449)&#13;
	at net.thucydides.core.steps.StepInterceptor.executeTestStepMethod(StepInterceptor.java:434)&#13;
	at net.thucydides.core.steps.StepInterceptor.runTestStep(StepInterceptor.java:409)&#13;
	at net.thucydides.core.steps.StepInterceptor.runOrSkipMethod(StepInterceptor.java:150)&#13;
	at net.thucydides.core.steps.StepInterceptor.testStepResult(StepInterceptor.java:137)&#13;
	at net.thucydides.core.steps.StepInterceptor.intercept(StepInterceptor.java:68)&#13;
	at net.serenitybdd.screenplay.actions.ClickOnTarget$$EnhancerByCGLIB$$e3f2ec6d.performAs(&lt;generated&gt;)&#13;
	at net.serenitybdd.screenplay.Actor.performTask(Actor.java:176)&#13;
	at net.serenitybdd.screenplay.Actor.perform(Actor.java:157)&#13;
	at net.serenitybdd.screenplay.Actor.attemptsTo(Actor.java:138)&#13;
	at co.com.accenture.certificacion.reviewdespegar.tasks.InsertData.performAs(InsertData.java:25)&#13;
	at co.com.accenture.certificacion.reviewdespegar.tasks.InsertData$$EnhancerByCGLIB$$5e66f2e6.CGLIB$performAs$0(&lt;generated&gt;)&#13;
	at co.com.accenture.certificacion.reviewdespegar.tasks.InsertData$$EnhancerByCGLIB$$5e66f2e6$$FastClassByCGLIB$$a02d5e0d.invoke(&lt;generated&gt;)&#13;
	at net.sf.cglib.proxy.MethodProxy.invokeSuper(MethodProxy.java:228)&#13;
	at net.thucydides.core.steps.BaseMethodRunner.invokeMethod(BaseMethodRunner.java:10)&#13;
	at net.thucydides.core.steps.NormalMethodRunner.invokeMethodAndNotifyFailures(NormalMethodRunner.java:20)&#13;
	at net.thucydides.core.steps.StepInterceptor.runNormalMethod(StepInterceptor.java:361)&#13;
	at net.thucydides.core.steps.StepInterceptor.testStepResult(StepInterceptor.java:132)&#13;
	at net.thucydides.core.steps.StepInterceptor.intercept(StepInterceptor.java:68)&#13;
	at co.com.accenture.certificacion.reviewdespegar.tasks.InsertData$$EnhancerByCGLIB$$5e66f2e6.performAs(&lt;generated&gt;)&#13;
	at net.serenitybdd.screenplay.Actor.performTask(Actor.java:176)&#13;
	at net.serenitybdd.screenplay.Actor.perform(Actor.java:157)&#13;
	at net.serenitybdd.screenplay.Actor.attemptsTo(Actor.java:138)&#13;
	at co.com.accenture.certificacion.reviewdespegar.stepdefinitions.FligthReservationStepDefinition.theActorInsertTheDataFromFlight(FligthReservationStepDefinition.java:44)&#13;
	at sun.reflect.NativeMethodAccessorImpl.invoke0(Native Method)&#13;
	at sun.reflect.NativeMethodAccessorImpl.invoke(Unknown Source)&#13;
	at sun.reflect.DelegatingMethodAccessorImpl.invoke(Unknown Source)&#13;
	at java.lang.reflect.Method.invoke(Unknown Source)&#13;
	at cucumber.runtime.Utils$1.call(Utils.java:31)&#13;
	at cucumber.runtime.Timeout.timeout(Timeout.java:16)&#13;
	at cucumber.runtime.Utils.invoke(Utils.java:25)&#13;
	at cucumber.runtime.java.JavaStepDefinition.execute(JavaStepDefinition.java:37)&#13;
	at cucumber.runtime.StepDefinitionMatch.runStep(StepDefinitionMatch.java:40)&#13;
	at cucumber.api.TestStep.executeStep(TestStep.java:102)&#13;
	at cucumber.api.TestStep.run(TestStep.java:83)&#13;
	at cucumber.api.TestCase.run(TestCase.java:58)&#13;
	at cucumber.runner.Runner.runPickle(Runner.java:80)&#13;
	at cucumber.runtime.junit.PickleRunners$NoStepDescriptions.run(PickleRunners.java:140)&#13;
	at cucumber.runtime.junit.FeatureRunner.runChild(FeatureRunner.java:68)&#13;
	at cucumber.runtime.junit.FeatureRunner.runChild(FeatureRunner.java:23)&#13;
	at org.junit.runners.ParentRunner$4.run(ParentRunner.java:331)&#13;
	at org.junit.runners.ParentRunner$1.schedule(ParentRunner.java:79)&#13;
	at org.junit.runners.ParentRunner.runChildren(ParentRunner.java:329)&#13;
	at org.junit.runners.ParentRunner.access$100(ParentRunner.java:66)&#13;
	at org.junit.runners.ParentRunner$2.evaluate(ParentRunner.java:293)&#13;
	at org.junit.runners.ParentRunner$3.evaluate(ParentRunner.java:306)&#13;
	at org.junit.runners.ParentRunner.run(ParentRunner.java:413)&#13;
	at cucumber.runtime.junit.FeatureRunner.run(FeatureRunner.java:73)&#13;
	at cucumber.api.junit.Cucumber.runChild(Cucumber.java:117)&#13;
	at cucumber.api.junit.Cucumber.runChild(Cucumber.java:55)&#13;
	at org.junit.runners.ParentRunner$4.run(ParentRunner.java:331)&#13;
	at org.junit.runners.ParentRunner$1.schedule(ParentRunner.java:79)&#13;
	at org.junit.runners.ParentRunner.runChildren(ParentRunner.java:329)&#13;
	at org.junit.runners.ParentRunner.access$100(ParentRunner.java:66)&#13;
	at org.junit.runners.ParentRunner$2.evaluate(ParentRunner.java:293)&#13;
	at cucumber.api.junit.Cucumber$1.evaluate(Cucumber.java:126)&#13;
	at org.junit.runners.ParentRunner$3.evaluate(ParentRunner.java:306)&#13;
	at org.junit.runners.ParentRunner.run(ParentRunner.java:413)&#13;
	at org.eclipse.jdt.internal.junit4.runner.JUnit4TestReference.run(JUnit4TestReference.java:89)&#13;
	at org.eclipse.jdt.internal.junit.runner.TestExecution.run(TestExecution.java:41)&#13;
	at org.eclipse.jdt.internal.junit.runner.RemoteTestRunner.runTests(RemoteTestRunner.java:541)&#13;
	at org.eclipse.jdt.internal.junit.runner.RemoteTestRunner.runTests(RemoteTestRunner.java:763)&#13;
	at org.eclipse.jdt.internal.junit.runner.RemoteTestRunner.run(RemoteTestRunner.java:463)&#13;
	at org.eclipse.jdt.internal.junit.runner.RemoteTestRunner.main(RemoteTestRunner.java:209)&#13;
Caused by: org.openqa.selenium.NoSuchElementException: no such element: Unable to locate element: {"method":"xpath","selector":"//*[@class='ac-item-icon suggester-icon-xsm suggester-icon-city']"}
  (Session info: chrome=79.0.3945.130)
  (Driver info: chromedriver=2.38.552522 (437e6fbedfa8762dec75e2c5b3ddb86763dc9dcb),platform=Windows NT 10.0.15063 x86_64) (WARNING: The server did not provide any stacktrace information)
Command duration or timeout: 0 milliseconds
For documentation on this error, please visit: http://seleniumhq.org/exceptions/no_such_element.html
Build info: version: '3.14.0', revision: 'aacccce0', time: '2018-08-02T20:19:58.91Z'
System info: host: 'JESSICA', ip: '192.168.1.106', os.name: 'Windows 10', os.arch: 'amd64', os.version: '10.0', java.version: '1.8.0_211'
Driver info: org.openqa.selenium.remote.RemoteWebDriver
Capabilities {acceptInsecureCerts: false, acceptSslCerts: false, applicationCacheEnabled: false, browserConnectionEnabled: false, browserName: chrome, chrome: {chromedriverVersion: 2.38.552522 (437e6fbedfa876..., userDataDir: C:\Users\Jessica\AppData\Lo...}, cssSelectorsEnabled: true, databaseEnabled: false, handlesAlerts: true, hasTouchScreen: false, javascriptEnabled: true, locationContextEnabled: true, mobileEmulationEnabled: false, nativeEvents: true, networkConnectionEnabled: false, pageLoadStrategy: normal, platform: XP, platformName: XP, rotatable: false, setWindowRect: true, takesHeapSnapshot: true, takesScreenshot: true, unexpectedAlertBehaviour: , unhandledPromptBehavior: , version: 79.0.3945.130, webStorageEnabled: true}
Session ID: 3d04757ca8c8b6148fe6b4d931b72976
*** Element info: {Using=xpath, value=//*[@class='ac-item-icon suggester-icon-xsm suggester-icon-city']}&#13;
	at sun.reflect.NativeConstructorAccessorImpl.newInstance0(Native Method)&#13;
	at sun.reflect.NativeConstructorAccessorImpl.newInstance(Unknown Source)&#13;
	at sun.reflect.DelegatingConstructorAccessorImpl.newInstance(Unknown Source)&#13;
	at java.lang.reflect.Constructor.newInstance(Unknown Source)&#13;
	at org.openqa.selenium.remote.ErrorHandler.createThrowable(ErrorHandler.java:214)&#13;
	at org.openqa.selenium.remote.ErrorHandler.throwIfResponseFailed(ErrorHandler.java:166)&#13;
	at org.openqa.selenium.remote.http.JsonHttpResponseCodec.reconstructValue(JsonHttpResponseCodec.java:40)&#13;
	at org.openqa.selenium.remote.http.AbstractHttpResponseCodec.decode(AbstractHttpResponseCodec.java:80)&#13;
	at org.openqa.selenium.remote.http.AbstractHttpResponseCodec.decode(AbstractHttpResponseCodec.java:44)&#13;
	at org.openqa.selenium.remote.HttpCommandExecutor.execute(HttpCommandExecutor.java:158)&#13;
	at org.openqa.selenium.remote.RemoteWebDriver.execute(RemoteWebDriver.java:548)&#13;
	at org.openqa.selenium.remote.RemoteWebDriver.findElement(RemoteWebDriver.java:322)&#13;
	at org.openqa.selenium.remote.RemoteWebDriver.findElementByXPath(RemoteWebDriver.java:424)&#13;
	at org.openqa.selenium.By$ByXPath.findElement(By.java:353)&#13;
	at org.openqa.selenium.remote.RemoteWebDriver.findElement(RemoteWebDriver.java:314)&#13;
	at net.thucydides.core.webdriver.WebDriverFacade.findElement(WebDriverFacade.java:231)&#13;
	at net.serenitybdd.core.pages.WebElementResolverByLocator.resolveForDriver(WebElementResolverByLocator.java:16)&#13;
	at net.serenitybdd.core.pages.WebElementFacadeImpl.getElement(WebElementFacadeImpl.java:208)&#13;
	at net.serenitybdd.core.pages.WebElementExpectations$3.apply(WebElementExpectations.java:63)&#13;
	at net.serenitybdd.core.pages.WebElementExpectations$3.apply(WebElementExpectations.java:55)&#13;
	at org.openqa.selenium.support.ui.FluentWait.until(FluentWait.java:260)&#13;
	... 71 more&#13;
&#13;
</error>
      </testcase>
    </testsuite>
  </testsuite>
</testrun>
